<?xml version="1.0" encoding="UTF-8"?>
<testsuite name="com.example.mutantdetector.MutantDetectorApplicationTests" tests="1" skipped="0" failures="0" errors="0" timestamp="2024-11-04T03:28:26" hostname="DESKTOP-KIG3FO2" time="0.525">
  <properties/>
  <testcase name="contextLoads()" classname="com.example.mutantdetector.MutantDetectorApplicationTests" time="0.525"/>
  <system-out><![CDATA[00:28:22.112 [Test worker] INFO org.springframework.test.context.support.AnnotationConfigContextLoaderUtils -- Could not detect default configuration classes for test class [com.example.mutantdetector.MutantDetectorApplicationTests]: MutantDetectorApplicationTests does not declare any static, non-private, non-final, nested classes annotated with @Configuration.
00:28:22.256 [Test worker] INFO org.springframework.boot.test.context.SpringBootTestContextBootstrapper -- Found @SpringBootConfiguration com.example.mutantdetector.MutantDetectorApplication for test class com.example.mutantdetector.MutantDetectorApplicationTests

  .   ____          _            __ _ _
 /\\ / ___'_ __ _ _(_)_ __  __ _ \ \ \ \
( ( )\___ | '_ | '_| | '_ \/ _` | \ \ \ \
 \\/  ___)| |_)| | | | | || (_| |  ) ) ) )
  '  |____| .__|_| |_|_| |_\__, | / / / /
 =========|_|==============|___/=/_/_/_/

 :: Spring Boot ::                (v3.3.5)

2024-11-04T00:28:22.773-03:00  INFO 8960 --- [MutantDetector] [    Test worker] c.e.m.MutantDetectorApplicationTests     : Starting MutantDetectorApplicationTests using Java 17.0.12 with PID 8960 (started by Mega Tecnologia in D:\Facultad\Desarrollo de software\Parcial BackEnd\mutant-detector)
2024-11-04T00:28:22.775-03:00  INFO 8960 --- [MutantDetector] [    Test worker] c.e.m.MutantDetectorApplicationTests     : No active profile set, falling back to 1 default profile: "default"
2024-11-04T00:28:23.647-03:00  INFO 8960 --- [MutantDetector] [    Test worker] .s.d.r.c.RepositoryConfigurationDelegate : Bootstrapping Spring Data JPA repositories in DEFAULT mode.
2024-11-04T00:28:23.716-03:00  INFO 8960 --- [MutantDetector] [    Test worker] .s.d.r.c.RepositoryConfigurationDelegate : Finished Spring Data repository scanning in 58 ms. Found 1 JPA repository interface.
2024-11-04T00:28:24.183-03:00  INFO 8960 --- [MutantDetector] [    Test worker] o.hibernate.jpa.internal.util.LogHelper  : HHH000204: Processing PersistenceUnitInfo [name: default]
2024-11-04T00:28:24.250-03:00  INFO 8960 --- [MutantDetector] [    Test worker] org.hibernate.Version                    : HHH000412: Hibernate ORM core version 6.5.3.Final
2024-11-04T00:28:24.291-03:00  INFO 8960 --- [MutantDetector] [    Test worker] o.h.c.internal.RegionFactoryInitiator    : HHH000026: Second-level cache disabled
2024-11-04T00:28:24.669-03:00  INFO 8960 --- [MutantDetector] [    Test worker] o.s.o.j.p.SpringPersistenceUnitInfo      : No LoadTimeWeaver setup: ignoring JPA class transformer
2024-11-04T00:28:24.710-03:00  INFO 8960 --- [MutantDetector] [    Test worker] com.zaxxer.hikari.HikariDataSource       : HikariPool-1 - Starting...
2024-11-04T00:28:24.929-03:00  INFO 8960 --- [MutantDetector] [    Test worker] com.zaxxer.hikari.pool.HikariPool        : HikariPool-1 - Added connection conn0: url=jdbc:h2:mem:testdb user=SA
2024-11-04T00:28:24.931-03:00  INFO 8960 --- [MutantDetector] [    Test worker] com.zaxxer.hikari.HikariDataSource       : HikariPool-1 - Start completed.
2024-11-04T00:28:24.961-03:00  WARN 8960 --- [MutantDetector] [    Test worker] org.hibernate.orm.deprecation            : HHH90000025: H2Dialect does not need to be specified explicitly using 'hibernate.dialect' (remove the property setting and it will be selected by default)
2024-11-04T00:28:25.782-03:00  INFO 8960 --- [MutantDetector] [    Test worker] o.h.e.t.j.p.i.JtaPlatformInitiator       : HHH000489: No JTA platform available (set 'hibernate.transaction.jta.platform' to enable JTA platform integration)
2024-11-04T00:28:25.848-03:00  INFO 8960 --- [MutantDetector] [    Test worker] j.LocalContainerEntityManagerFactoryBean : Initialized JPA EntityManagerFactory for persistence unit 'default'
2024-11-04T00:28:26.326-03:00  WARN 8960 --- [MutantDetector] [    Test worker] JpaBaseConfiguration$JpaWebConfiguration : spring.jpa.open-in-view is enabled by default. Therefore, database queries may be performed during view rendering. Explicitly configure spring.jpa.open-in-view to disable this warning
2024-11-04T00:28:26.686-03:00  INFO 8960 --- [MutantDetector] [    Test worker] o.s.b.a.h2.H2ConsoleAutoConfiguration    : H2 console available at '/h2-console'. Database available at 'jdbc:h2:mem:testdb'
2024-11-04T00:28:26.749-03:00  INFO 8960 --- [MutantDetector] [    Test worker] c.e.m.MutantDetectorApplicationTests     : Started MutantDetectorApplicationTests in 4.247 seconds (process running for 6.134)
]]></system-out>
  <system-err><![CDATA[]]></system-err>
</testsuite>
